<?xml version="1.0" encoding="UTF-8"?>
<testng-results ignored="0" total="1" passed="1" failed="0" skipped="0">
  <reporter-output>
  </reporter-output>
  <suite started-at="2026-02-05T21:28:54 IST" name="Automation Suite" finished-at="2026-02-05T21:29:13 IST" duration-ms="19748">
    <groups>
    </groups>
    <test started-at="2026-02-05T21:28:54 IST" name="Login Tests" finished-at="2026-02-05T21:29:13 IST" duration-ms="19748">
      <class name="tests.LoginTest">
        <test-method is-config="true" signature="setUp()[pri:0, instance:tests.LoginTest@32193bea]" started-at="2026-02-05T21:28:55 IST" name="setUp" finished-at="2026-02-05T21:29:06 IST" duration-ms="10558" status="PASS">
          <reporter-output>
          </reporter-output>
        </test-method> <!-- setUp -->
        <test-method signature="validLoginTest(java.lang.String,java.lang.String)[pri:0, instance:tests.LoginTest@32193bea]" started-at="2026-02-05T21:29:06 IST" name="validLoginTest" data-provider="loginData" finished-at="2026-02-05T21:29:13 IST" duration-ms="6832" status="PASS">
          <params>
            <param index="0">
              <value>
                <![CDATA[admin@revvity.com]]>
              </value>
            </param>
            <param index="1">
              <value>
                <![CDATA[Tq9-P55_tdH6:ac]]>
              </value>
            </param>
          </params>
          <reporter-output>
          </reporter-output>
        </test-method> <!-- validLoginTest -->
        <test-method is-config="true" signature="tearDown()[pri:0, instance:tests.LoginTest@32193bea]" started-at="2026-02-05T21:29:13 IST" name="tearDown" finished-at="2026-02-05T21:29:13 IST" duration-ms="391" status="PASS">
          <reporter-output>
          </reporter-output>
        </test-method> <!-- tearDown -->
      </class> <!-- tests.LoginTest -->
    </test> <!-- Login Tests -->
  </suite> <!-- Automation Suite -->
</testng-results>
